<?xml version="1.0" encoding="UTF-8"?>
<Site BuildName="Win32-mingw32-make"
	BuildStamp="20240214-0504-Experimental"
	Name="lunek"
	Generator="ctest-3.27.8"
	CompilerName="F:/MSYS2/ucrt64/bin/g++.exe"
	CompilerVersion="13.1.0"
	OSName="Windows"
	Hostname="lunek"
	OSRelease=" Professional"
	OSVersion=" (Build 22631)"
	OSPlatform="AMD64"
	Is64Bits="1"
	VendorString="AuthenticAMD"
	VendorID="Advanced Micro Devices"
	FamilyID="15"
	ModelID="1"
	ProcessorCacheSize="64"
	NumberOfLogicalCPU="16"
	NumberOfPhysicalCPU="8"
	TotalVirtualMemory="34738"
	TotalPhysicalMemory="32690"
	LogicalProcessorsPerPhysical="2"
	ProcessorClockFrequency="3399"
	>
	<Testing>
		<StartDateTime>Feb 14 06:04 Central European Standard Time</StartDateTime>
		<StartTestTime>1707887060</StartTestTime>
		<TestList/>
		<EndDateTime>Feb 14 06:04 Central European Standard Time</EndDateTime>
		<EndTestTime>1707887060</EndTestTime>
		<ElapsedMinutes>0</ElapsedMinutes>
	</Testing>
</Site>
